10.0137
10.0557
10.0050
10.0747
10.0205
10.0226
10.0043
10.0333
9.9822
10.0810
9.9626
10.0498
10.0587
10.0708
9.9782
10.0249
10.0158
10.0698
10.0049
10.0220
10.0572
10.0567
10.1239
10.1037
10.0435
10.0039
10.1783
10.0635
10.0405
10.0545
10.0087
10.0518
10.0520
10.0552
9.9992
10.0903
10.0410
10.1631
10.0336
10.0864
10.0547
10.0299
9.9997
10.0433
10.0104
10.0344
10.0026
10.0998
10.0625
10.0012
10.0724
10.0434
10.0284
10.0055
10.0241
10.0576
10.0764
10.0732
10.0926
10.0353
10.0435
10.0179
10.1310
10.0937
10.0582
10.1273
9.9372
10.0032
10.1101
10.0838
9.9632
10.0356
10.0285
10.0266
10.0530
10.0490
9.8736
10.0557
10.0254
10.0011
10.0047
10.0094
10.0311
10.0713
10.0275
10.0829
10.1367
10.0032
10.0926
10.0030
10.0516
10.0537
10.0195
10.0495
10.0055
10.0069
10.0579
10.0570
10.0798
10.0119
10.0502
10.0014
10.0107
10.0274
10.0359
10.0231
10.0611
10.0099
10.0771
10.0689
10.0132
10.0656
10.0030
10.0846
10.0195
10.0046
10.0690
10.0751
10.0416
10.0879
10.1149
10.1143
10.0269
10.0740
10.0054
10.0575
10.0473
10.0252
