10.0337
10.0172
10.0081
10.0884
10.0513
10.0803
10.0487
10.0791
10.0163
10.0494
10.0333
10.1369
10.0815
10.1180
10.0104
10.1172
10.0895
10.1195
10.1607
10.1107
10.1301
10.0519
9.9074
10.0234
10.0464
10.0284
10.0166
10.0758
10.0851
10.1202
10.0879
10.0954
10.0355
10.1925
10.1180
10.1203
10.0511
10.0398
10.0578
9.9570
10.0051
10.0739
10.1109
10.0544
10.0240
10.0509
10.0328
10.0754
10.0552
10.2115
10.0993
10.0637
10.1688
10.0247
10.0609
10.0509
10.1366
10.0121
10.1488
10.1273
10.0809
10.0278
10.2787
10.0129
10.0642
10.1971
10.0116
10.1118
10.1168
10.1672
9.9279
10.0794
10.0030
10.0037
10.1344
10.0463
10.0124
10.0944
10.0651
10.0539
10.0181
10.0319
10.0149
10.0459
10.2245
10.1265
10.0515
10.1175
10.0727
10.2728
10.0525
10.0295
10.0410
10.0848
10.1473
10.2066
10.0174
10.1035
10.0123
10.1719
10.1584
10.1071
10.0310
10.0960
10.0603
10.1205
10.0513
10.1200
9.9617
10.0639
10.0638
10.0674
10.0107
10.0714
10.2380
10.1475
10.0990
10.0730
10.1628
10.0960
9.9615
10.0327
10.1618
10.1893
10.1176
10.1388
10.1251
9.9897
10.1781
10.0674
10.0399
10.1088
10.1465
10.0299
10.0721
10.0779
10.1045
10.0437
10.2633
10.1533
10.2182
10.1184
10.0789
10.1689
9.9536
10.0007
10.0978
10.0054
10.0679
10.0794
10.0888
10.1386
10.0187
10.0772
10.1855
10.0612
10.0419
10.0596
10.1251
10.1093
10.0953
10.1197
10.1435
10.1240
10.0950
10.0215
10.0791
10.0700
10.0220
10.0813
10.0192
10.0826
10.0467
10.0522
10.1305
10.1662
10.0135
10.0550
9.9453
10.0452
10.0182
10.0921
10.0658
10.0109
10.0558
10.0060
10.0049
10.0208
10.0110
10.1220
10.2260
10.0170
10.2009
10.0141
10.0532
10.0133
10.0036
10.0226
10.1482
10.0057
10.0545
10.0248
10.0298
10.0471
10.0180
9.9019
10.0533
10.0637
10.1445
10.1268
10.1671
10.0388
10.0369
10.0208
10.0823
10.1324
10.0347
9.9946
10.0489
10.0462
10.0090
10.0363
10.0415
10.0379
10.1045
10.0661
10.0069
10.0375
10.0501
10.0729
10.0340
10.0998
10.1259
10.1371
10.1054
10.0798
10.0001
10.0248
9.8995
9.8883
10.0276
10.0853
10.0490
10.0709
10.0496
10.0804
10.0666
10.1140
10.0195
10.0137
10.0575
10.0821
10.0217
10.0406
9.9798
10.0487
