10.0388
10.0657
10.0508
10.1944
10.1044
10.0077
9.9072
10.1655
10.0047
10.1843
10.1961
10.2531
10.0570
10.1782
10.1958
10.1540
10.1770
10.0613
10.1129
10.2556
10.1602
10.0442
10.0662
10.0621
10.0719
10.0073
9.7173
10.0103
10.2966
10.2095
10.3026
10.0105
10.1901
10.0439
10.1515
9.9917
10.3169
10.1260
10.0052
10.4039
10.1397
10.0459
10.3565
10.4256
10.2711
10.0952
10.0765
10.1853
10.1173
10.4135
10.0514
10.3092
10.0919
10.5276
10.2366
10.2261
10.2727
10.0713
10.0697
10.1674
10.3770
10.0926
10.4005
10.2649
10.2540
10.0052
10.3799
10.0259
10.0142
10.1400
10.2376
10.0812
10.1294
10.1672
10.3335
10.3927
10.1991
10.1198
10.1760
10.0227
10.0479
10.0140
10.4151
10.0865
10.1923
10.1371
10.5296
10.0824
10.0701
10.0878
10.3953
10.1333
10.2613
10.0596
10.1015
10.2327
10.3793
10.1379
10.3519
10.1839
10.0215
10.4293
10.1030
10.2226
10.1702
10.5442
10.2601
10.1485
10.0182
10.3113
10.1061
10.4754
10.0573
10.1521
10.2569
10.3965
10.0696
10.0221
10.1526
10.0246
10.2003
10.2371
10.0104
10.1290
10.2432
10.2331
10.0230
10.5040
9.8629
10.1456
10.0842
10.1077
10.0903
10.2594
10.2327
10.1404
10.2295
10.1029
10.4642
10.0590
10.1256
10.2632
10.4485
10.1529
10.3441
10.2305
10.2029
10.2273
10.1872
10.1083
10.3371
10.0265
10.1585
10.0544
10.1801
10.1157
10.0811
10.4082
10.4579
10.2242
10.0251
10.1391
10.1272
10.0267
10.2257
10.1374
10.0770
10.5379
10.2005
10.1190
10.3505
10.4977
10.2126
10.0876
10.1011
9.9957
10.2870
10.0664
10.3895
10.1938
10.0284
10.1061
10.0711
10.2802
10.0843
10.2215
10.4404
9.9357
10.2621
10.0038
10.1698
10.2094
10.3291
10.1309
10.4334
10.2417
10.2879
10.1808
10.1044
10.0022
10.2689
10.1433
10.1539
10.3034
10.0821
10.0641
9.8494
10.0837
10.2189
10.3524
10.2687
10.1489
10.0934
10.0944
10.0006
9.8756
9.8408
10.1781
10.1683
10.0911
9.9762
10.3772
9.8478
10.2358
10.1560
10.2218
10.1389
10.3671
10.0537
10.0355
10.2279
10.0916
10.2205
10.1645
10.0691
10.2065
10.2454
10.1540
10.3689
10.2661
10.0335
10.1644
10.1551
10.2075
10.1761
10.0339
10.1900
10.0246
10.2089
10.1683
10.1326
10.0570
10.1664
10.1069
10.0738
10.1307
10.2026
9.9514
10.0294
10.3873
9.7844
10.4945
10.0013
10.1934
10.1150
10.1109
10.3146
10.1597
10.3741
10.1547
10.2193
9.8707
10.0039
10.2999
10.0774
10.1095
10.0735
10.2064
10.1582
10.1204
10.2292
10.1472
10.0338
10.1479
10.3108
10.1586
10.1779
10.1042
10.2153
10.1210
10.0212
10.0741
10.1732
10.1709
10.2032
10.0478
10.0659
10.1359
10.0770
10.1084
10.0128
10.1748
9.8389
10.2129
10.1294
10.0018
10.2015
10.0043
10.3783
10.0151
10.0860
10.0127
10.2331
10.1566
10.2571
10.1606
10.1684
10.0320
10.2649
10.4444
10.3208
10.3205
10.2362
10.0530
10.1740
10.1090
10.2081
10.2280
10.1000
10.2863
10.1066
10.0024
10.0966
10.2024
10.4342
10.1891
10.0171
10.1259
10.0171
10.3307
10.1656
10.1734
10.0665
10.2048
10.0453
10.0735
10.1587
10.1892
10.1143
10.2331
10.1414
10.0753
10.1408
10.2021
10.1880
10.0425
10.0995
10.0605
10.0890
10.1106
10.1794
10.1409
10.2666
10.1809
10.1731
10.0713
10.0310
10.2868
10.0400
10.1132
10.0490
10.2738
10.0486
10.1233
10.1410
10.0757
10.0117
10.0220
10.0073
10.1486
10.0723
10.0348
10.1175
10.0866
10.0238
10.2529
10.0545
10.0781
10.1923
10.1686
10.1486
10.0531
10.1660
10.1557
10.0357
10.0552
10.2964
10.0033
10.0281
10.2850
10.0621
10.1060
10.0801
10.1929
10.1487
10.0648
10.1554
10.2780
10.0789
10.1267
10.0098
10.0603
10.1904
10.2615
10.0525
10.0643
10.0205
9.9999
10.1159
10.0031
10.2003
9.8937
10.1291
10.1139
10.0655
10.1280
10.1606
10.1478
10.0248
10.2205
10.2589
10.1526
10.1657
10.0474
10.0795
10.0717
10.0503
10.0912
10.0061
10.0701
10.0167
10.0008
10.0025
10.1622
10.0613
10.1346
10.1762
10.0176
10.1227
10.1441
10.1424
10.4378
10.0277
10.0269
10.0782
10.0372
10.0032
10.0603
10.0815
10.0914
10.0891
10.0078
10.0858
10.0447
10.0893
10.0206
10.1147
10.0459
10.1177
10.2583
10.0679
10.0432
10.0583
10.1628
10.0335
10.0057
10.1055
10.0706
10.0774
10.0029
10.1103
10.0042
10.0535
10.1153
10.0208
10.1095
10.0053
10.0068
10.1039
10.0838
10.0345
10.0298
10.0225
10.0396
10.0524
10.0018
10.0830
10.0046
10.0857
10.0102
10.0618
10.0233
10.0213
10.0509
10.0026
10.0560
10.0069
10.0064
10.0041
10.0082
10.0061
9.7750
