10.0225
10.0338
10.0262
10.0295
9.9875
10.0013
10.0297
9.9999
10.0305
9.9953
10.0028
10.0427
10.0203
10.0433
10.0031
10.0027
10.0237
9.9954
10.0362
10.0041
10.0103
10.0393
10.0540
10.0389
10.0053
10.0019
10.0287
10.0231
10.0048
10.0458
10.0010
10.0136
10.0192
10.0067
9.9996
10.0158
9.9997
10.0197
9.9997
10.0502
9.9996
10.0117
10.0090
10.0196
10.0259
10.0133
10.0067
10.0243
10.0182
10.0000
10.0103
10.0117
10.0155
10.0166
10.0226
10.0263
10.0013
10.0450
10.0270
10.0187
10.0039
10.0211
10.0278
10.0053
