10.0234
10.0355
10.0264
10.0315
10.0311
10.0391
10.0367
10.0492
10.0462
10.0368
10.0514
10.0275
10.0554
10.0382
10.0255
10.0338
10.0375
10.0531
10.0238
10.0349
10.0466
10.0436
10.0498
10.0581
10.0272
10.0290
10.0461
10.0403
10.0398
10.0350
10.0464
10.0354
10.0220
10.0151
10.0255
10.0369
10.0349
10.0209
10.0345
10.0314
10.0239
10.0224
10.0519
10.0384
10.0259
10.0457
10.0289
10.0336
10.0343
10.0477
10.0366
10.0602
10.0540
10.0265
10.0320
10.0504
10.0629
10.0336
10.0436
10.0487
10.0156
10.0347
10.0561
10.0419
10.0395
10.0265
10.0516
10.0333
10.0589
10.0639
10.0353
10.0322
10.0403
10.0244
10.0510
10.0215
10.0440
10.0224
10.0368
10.0354
10.0174
10.0435
10.0326
10.0194
10.0484
10.0397
10.0372
10.0411
10.0234
10.0325
10.0288
10.0277
10.0358
10.0317
10.0315
10.0337
10.0315
10.0274
10.0242
10.0273
10.0472
10.0433
10.0233
10.0411
10.0370
10.0203
10.0295
10.0361
10.0296
10.0269
10.0302
10.0444
10.0324
10.0473
10.0322
10.0342
10.0506
10.0430
10.0346
10.0325
10.0529
10.0460
10.0343
10.0334
10.0280
10.0319
10.0336
10.0428
