10.1356
10.1241
10.1034
10.1609
10.1751
10.1033
10.1169
10.1566
10.1532
10.1463
10.1405
10.1090
10.1745
10.1357
10.1452
10.1484
10.1815
10.1212
10.1075
10.1304
10.0941
10.1364
10.1717
10.1490
10.1975
10.1064
10.1267
10.1944
10.1591
10.1193
10.1855
10.1327
10.1014
10.2068
10.1539
10.1958
10.1768
10.2035
10.2006
10.2110
10.1509
10.1065
10.2356
10.1680
10.1291
10.1508
10.1527
10.1212
10.1514
10.1747
10.1245
10.1916
10.1298
10.1316
10.1486
10.2448
10.1287
10.0856
10.1822
10.1628
10.1836
10.1459
10.1295
10.1263
10.1573
10.1899
10.2399
10.1071
10.1698
10.0375
10.1837
10.1507
10.1908
10.1962
10.1448
10.1643
10.2419
10.1848
10.1365
10.1330
10.1875
10.1028
10.2086
10.1699
10.1508
10.1868
10.1288
10.2127
10.1748
10.1519
10.1503
10.2079
10.2199
10.1690
10.1597
10.1526
10.1430
10.1879
10.2531
10.0782
10.1563
10.1408
10.2103
10.1582
10.1780
10.1347
10.1270
10.1759
10.0893
10.1591
10.1884
10.2015
10.2363
10.1146
10.1404
10.1785
10.2057
10.2027
10.2068
10.1423
10.1375
10.0950
10.1185
10.1552
10.1651
10.1566
10.1504
10.2172
10.2119
10.1542
10.1146
10.1566
10.1715
10.1528
10.1416
10.1762
10.1331
10.2062
10.1737
10.1738
10.1835
10.2206
10.1622
10.1597
10.2459
10.1631
10.1132
10.2090
10.1407
10.1421
10.1950
10.1778
10.2224
10.1440
10.1699
10.1568
10.1404
10.1061
10.1965
10.1369
10.2785
10.2158
10.1388
10.1663
10.1733
10.1916
10.0586
10.2259
10.1727
10.1616
10.1242
10.1804
10.2348
10.1976
10.1335
10.1366
10.2038
10.1812
10.2202
10.0818
10.1545
10.1515
10.2163
10.1716
10.1941
10.2267
10.1533
10.0997
10.1634
10.2182
10.0623
10.1873
10.1837
10.1928
10.1976
10.1247
10.1435
10.1560
10.1843
10.1849
10.1623
10.1904
10.1618
10.2138
10.1227
10.1513
10.1365
10.1300
10.1699
10.1337
10.1393
10.1813
10.2439
10.1181
10.2083
10.1237
10.2089
10.1263
10.2704
10.1087
10.1989
10.1204
10.1990
10.1549
10.1824
10.1062
10.1721
10.1677
10.1999
10.1156
10.1469
10.1998
10.1401
10.1884
10.2197
10.0500
10.1537
10.1656
10.1195
10.2057
10.1783
10.1149
10.1846
10.1522
10.1976
10.1775
10.1859
10.2209
10.1732
10.0962
10.1444
10.1840
10.1495
10.1638
10.2231
10.1782
10.1061
10.1387
10.1388
10.1508
10.2022
10.2871
10.2320
10.1241
10.1697
10.1460
10.1164
10.1023
10.0741
10.1248
10.1430
10.1298
10.0739
10.1216
10.1884
10.1474
10.2205
10.1135
10.1411
10.1610
10.1304
10.1625
10.0416
10.2090
10.1831
10.1138
10.1675
10.1616
10.1478
10.1965
10.1319
10.1607
10.1458
10.1648
10.1415
10.1409
10.1698
10.1359
10.1325
10.0812
10.1194
10.0964
10.1588
10.2826
10.1444
10.1012
10.1723
10.2220
10.1702
10.1574
10.1688
10.1451
10.1365
10.1729
10.1114
10.1977
10.1125
10.1128
10.1088
10.1294
10.1341
10.1453
10.1533
10.2050
10.2008
10.1708
10.1398
10.2286
10.1382
10.1398
10.1624
10.1204
10.1385
10.2227
10.1357
10.2027
10.1174
10.1813
10.1138
10.1692
10.1749
10.1070
10.1357
10.1520
10.1082
10.1372
10.1885
10.1588
10.2155
10.1626
10.1545
10.1123
10.1237
10.1469
10.1185
10.1038
10.1708
10.1941
10.2053
10.1698
10.1373
10.1441
10.1524
10.1193
10.1526
10.1285
10.1367
10.2360
10.2177
10.1225
10.2109
10.1381
10.2019
10.1277
10.1289
10.1573
10.1756
10.2747
10.1638
10.1779
10.0954
10.1470
10.1738
10.0746
10.1933
10.2045
10.1273
10.2259
10.2031
10.2251
10.1062
10.1522
10.1886
10.1304
10.1461
10.1708
10.2820
10.1752
10.1592
10.2246
10.1825
10.1621
10.2198
10.2797
10.0643
10.1283
10.1939
10.1775
10.1707
10.1819
10.1458
10.2144
10.1504
10.2250
10.1808
10.1738
10.1303
10.1993
10.1291
10.1545
10.1295
10.1528
10.1795
10.2039
10.1758
10.1175
10.2292
10.1929
10.1420
10.1625
10.2133
10.1690
10.1758
10.1995
10.1324
10.1259
10.2134
10.1953
10.1718
10.1587
10.2055
10.1797
10.1722
10.1821
10.1290
10.1288
10.1732
10.1356
10.1484
10.1074
10.2124
10.1523
10.1245
10.1981
10.1838
10.1784
10.1773
10.1128
10.1946
10.1625
10.1183
10.1193
10.1773
10.2241
10.1716
10.0927
10.1355
10.2091
10.1610
10.1744
10.1870
10.1764
10.1101
10.1292
10.2377
10.1655
10.1642
10.1598
10.1821
10.1363
10.1037
10.1895
10.0956
10.1793
10.2254
10.0756
10.1560
10.2005
10.1663
10.2063
10.2416
10.1476
10.1792
10.1216
10.0485
10.1488
10.1934
10.1843
10.1371
10.1512
10.1605
10.1935
10.1634
10.2324
10.1566
10.2179
10.2145
10.1751
10.2060
10.1482
10.1600
10.2383
