10.0808
10.0593
10.0733
10.1037
10.0756
10.0555
10.0771
10.0512
10.0822
10.0641
10.1037
10.0993
10.0606
10.1041
10.0843
10.0952
10.0880
10.0889
10.0581
10.0895
10.1003
10.1245
10.1043
10.0722
10.0455
10.0753
10.0958
10.0990
10.0797
10.0858
10.0991
10.0573
10.1098
10.0596
10.0713
10.0572
10.0748
10.0813
10.0938
10.0976
10.1045
10.1172
10.0911
10.0452
10.0963
10.1142
10.0884
10.0840
10.0879
10.0413
10.1106
10.0885
10.0985
10.0733
10.0644
10.0852
10.0946
10.1025
10.1163
10.0571
10.0592
10.1098
10.0540
10.1033
10.0647
10.1069
10.0535
10.0487
10.0973
10.0819
10.1052
10.0846
10.0896
10.1089
10.0693
10.0585
10.1087
10.1033
10.0719
10.0681
10.0933
10.1195
10.0982
10.1030
10.0993
10.0741
10.1137
10.0494
10.1070
10.0637
10.0772
10.0596
10.1224
10.0957
10.1093
10.0807
10.0998
10.0830
10.0559
10.0818
10.0625
10.0898
10.0925
10.0978
10.0846
10.0734
10.0598
10.1101
10.0535
10.0979
10.0983
10.0621
10.0826
10.0571
10.0275
10.0933
10.0595
10.0520
10.0682
10.0967
10.0753
10.0482
10.1177
10.0932
10.0771
10.0744
10.0814
10.0873
10.0775
10.0619
10.1060
10.0684
10.0849
10.0809
10.0694
10.1024
10.0796
10.0520
10.0927
10.0652
10.0606
10.0649
10.0456
10.0958
10.0846
10.0819
10.0680
10.0646
10.0837
10.0221
10.0760
10.0545
10.0738
10.0955
10.0823
10.1017
10.0955
10.0661
10.0626
10.0853
10.0731
10.0654
10.0760
10.1124
10.0801
10.0682
10.0774
10.0709
10.0979
10.0887
10.0702
10.0790
10.0873
10.0498
10.0521
10.0709
10.0741
10.0862
10.0912
10.0306
10.1145
10.0835
10.0421
10.0613
10.0756
10.1079
10.0753
10.0763
10.0966
10.0787
10.0663
10.1008
10.0771
10.0687
10.0506
10.0601
10.1085
10.1177
10.0896
10.0769
10.0747
10.0816
10.0966
10.0637
10.0669
10.0773
10.0637
10.0953
10.0831
10.0788
10.0872
10.0331
10.0766
10.0634
10.0879
10.0650
10.0646
10.0706
10.0807
10.0883
10.0564
10.1137
10.0706
10.0793
10.0739
10.0506
10.0638
10.0732
10.1167
10.0866
10.1033
10.0961
10.1039
10.1003
10.0816
10.1084
10.0390
10.1038
10.1044
10.0958
10.0688
10.0735
10.0691
10.0815
10.0944
10.1171
10.0742
10.0870
10.1022
10.0921
10.1054
10.0878
10.0974
10.0854
10.1270
10.0993
